mode: atomic
github.com/colibri-project-io/colibri-sdk-go-examples/school-module/src/application/controllers/course_controller.go:16.46,20.2 1 1
github.com/colibri-project-io/colibri-sdk-go-examples/school-module/src/application/controllers/course_controller.go:22.56,55.2 1 1
github.com/colibri-project-io/colibri-sdk-go-examples/school-module/src/application/controllers/course_controller.go:64.62,66.16 2 2
github.com/colibri-project-io/colibri-sdk-go-examples/school-module/src/application/controllers/course_controller.go:66.16,69.3 2 1
github.com/colibri-project-io/colibri-sdk-go-examples/school-module/src/application/controllers/course_controller.go:71.2,71.41 1 1
github.com/colibri-project-io/colibri-sdk-go-examples/school-module/src/application/controllers/course_controller.go:83.63,85.16 2 3
github.com/colibri-project-io/colibri-sdk-go-examples/school-module/src/application/controllers/course_controller.go:85.16,88.3 2 1
github.com/colibri-project-io/colibri-sdk-go-examples/school-module/src/application/controllers/course_controller.go:90.2,91.16 2 2
github.com/colibri-project-io/colibri-sdk-go-examples/school-module/src/application/controllers/course_controller.go:91.16,94.3 2 1
github.com/colibri-project-io/colibri-sdk-go-examples/school-module/src/application/controllers/course_controller.go:96.2,96.41 1 1
github.com/colibri-project-io/colibri-sdk-go-examples/school-module/src/application/controllers/course_controller.go:108.60,110.46 2 6
github.com/colibri-project-io/colibri-sdk-go-examples/school-module/src/application/controllers/course_controller.go:110.46,113.3 2 4
github.com/colibri-project-io/colibri-sdk-go-examples/school-module/src/application/controllers/course_controller.go:115.2,116.16 2 2
github.com/colibri-project-io/colibri-sdk-go-examples/school-module/src/application/controllers/course_controller.go:116.16,119.3 2 1
github.com/colibri-project-io/colibri-sdk-go-examples/school-module/src/application/controllers/course_controller.go:121.2,121.42 1 1
github.com/colibri-project-io/colibri-sdk-go-examples/school-module/src/application/controllers/course_controller.go:135.59,137.16 2 7
github.com/colibri-project-io/colibri-sdk-go-examples/school-module/src/application/controllers/course_controller.go:137.16,140.3 2 1
github.com/colibri-project-io/colibri-sdk-go-examples/school-module/src/application/controllers/course_controller.go:142.2,143.46 2 6
github.com/colibri-project-io/colibri-sdk-go-examples/school-module/src/application/controllers/course_controller.go:143.46,146.3 2 4
github.com/colibri-project-io/colibri-sdk-go-examples/school-module/src/application/controllers/course_controller.go:148.2,148.71 1 2
github.com/colibri-project-io/colibri-sdk-go-examples/school-module/src/application/controllers/course_controller.go:148.71,151.3 2 1
github.com/colibri-project-io/colibri-sdk-go-examples/school-module/src/application/controllers/course_controller.go:153.2,153.41 1 1
github.com/colibri-project-io/colibri-sdk-go-examples/school-module/src/application/controllers/course_controller.go:165.62,167.16 2 3
github.com/colibri-project-io/colibri-sdk-go-examples/school-module/src/application/controllers/course_controller.go:167.16,170.3 2 1
github.com/colibri-project-io/colibri-sdk-go-examples/school-module/src/application/controllers/course_controller.go:172.2,172.64 1 2
github.com/colibri-project-io/colibri-sdk-go-examples/school-module/src/application/controllers/course_controller.go:172.64,175.3 2 1
github.com/colibri-project-io/colibri-sdk-go-examples/school-module/src/application/controllers/course_controller.go:177.2,177.41 1 1
github.com/colibri-project-io/colibri-sdk-go-examples/school-module/src/application/controllers/enrollment_controller.go:15.54,19.2 1 1
github.com/colibri-project-io/colibri-sdk-go-examples/school-module/src/application/controllers/enrollment_controller.go:21.60,42.2 1 1
github.com/colibri-project-io/colibri-sdk-go-examples/school-module/src/application/controllers/enrollment_controller.go:56.67,58.55 2 5
github.com/colibri-project-io/colibri-sdk-go-examples/school-module/src/application/controllers/enrollment_controller.go:58.55,61.3 2 3
github.com/colibri-project-io/colibri-sdk-go-examples/school-module/src/application/controllers/enrollment_controller.go:63.2,64.16 2 2
github.com/colibri-project-io/colibri-sdk-go-examples/school-module/src/application/controllers/enrollment_controller.go:64.16,67.3 2 1
github.com/colibri-project-io/colibri-sdk-go-examples/school-module/src/application/controllers/enrollment_controller.go:69.2,69.39 1 1
github.com/colibri-project-io/colibri-sdk-go-examples/school-module/src/application/controllers/enrollment_controller.go:81.64,83.46 2 8
github.com/colibri-project-io/colibri-sdk-go-examples/school-module/src/application/controllers/enrollment_controller.go:83.46,86.3 2 6
github.com/colibri-project-io/colibri-sdk-go-examples/school-module/src/application/controllers/enrollment_controller.go:88.2,88.63 1 2
github.com/colibri-project-io/colibri-sdk-go-examples/school-module/src/application/controllers/enrollment_controller.go:88.63,91.3 2 1
github.com/colibri-project-io/colibri-sdk-go-examples/school-module/src/application/controllers/enrollment_controller.go:93.2,93.39 1 1
github.com/colibri-project-io/colibri-sdk-go-examples/school-module/src/application/controllers/enrollment_controller.go:106.66,108.55 2 5
github.com/colibri-project-io/colibri-sdk-go-examples/school-module/src/application/controllers/enrollment_controller.go:108.55,111.3 2 3
github.com/colibri-project-io/colibri-sdk-go-examples/school-module/src/application/controllers/enrollment_controller.go:113.2,113.65 1 2
github.com/colibri-project-io/colibri-sdk-go-examples/school-module/src/application/controllers/enrollment_controller.go:113.65,116.3 2 1
github.com/colibri-project-io/colibri-sdk-go-examples/school-module/src/application/controllers/enrollment_controller.go:118.2,118.41 1 1
github.com/colibri-project-io/colibri-sdk-go-examples/school-module/src/application/controllers/student_controller.go:16.48,20.2 1 1
github.com/colibri-project-io/colibri-sdk-go-examples/school-module/src/application/controllers/student_controller.go:22.57,61.2 1 1
github.com/colibri-project-io/colibri-sdk-go-examples/school-module/src/application/controllers/student_controller.go:71.63,76.16 4 2
github.com/colibri-project-io/colibri-sdk-go-examples/school-module/src/application/controllers/student_controller.go:76.16,79.3 2 1
github.com/colibri-project-io/colibri-sdk-go-examples/school-module/src/application/controllers/student_controller.go:81.2,81.39 1 1
github.com/colibri-project-io/colibri-sdk-go-examples/school-module/src/application/controllers/student_controller.go:93.64,95.16 2 3
github.com/colibri-project-io/colibri-sdk-go-examples/school-module/src/application/controllers/student_controller.go:95.16,98.3 2 1
github.com/colibri-project-io/colibri-sdk-go-examples/school-module/src/application/controllers/student_controller.go:100.2,101.16 2 2
github.com/colibri-project-io/colibri-sdk-go-examples/school-module/src/application/controllers/student_controller.go:101.16,104.3 2 1
github.com/colibri-project-io/colibri-sdk-go-examples/school-module/src/application/controllers/student_controller.go:106.2,106.41 1 1
github.com/colibri-project-io/colibri-sdk-go-examples/school-module/src/application/controllers/student_controller.go:118.61,120.46 2 11
github.com/colibri-project-io/colibri-sdk-go-examples/school-module/src/application/controllers/student_controller.go:120.46,123.3 2 9
github.com/colibri-project-io/colibri-sdk-go-examples/school-module/src/application/controllers/student_controller.go:125.2,125.63 1 2
github.com/colibri-project-io/colibri-sdk-go-examples/school-module/src/application/controllers/student_controller.go:125.63,128.3 2 1
github.com/colibri-project-io/colibri-sdk-go-examples/school-module/src/application/controllers/student_controller.go:130.2,130.39 1 1
github.com/colibri-project-io/colibri-sdk-go-examples/school-module/src/application/controllers/student_controller.go:144.60,146.16 2 4
github.com/colibri-project-io/colibri-sdk-go-examples/school-module/src/application/controllers/student_controller.go:146.16,149.3 2 1
github.com/colibri-project-io/colibri-sdk-go-examples/school-module/src/application/controllers/student_controller.go:151.2,152.46 2 3
github.com/colibri-project-io/colibri-sdk-go-examples/school-module/src/application/controllers/student_controller.go:152.46,155.3 2 1
github.com/colibri-project-io/colibri-sdk-go-examples/school-module/src/application/controllers/student_controller.go:157.2,157.71 1 2
github.com/colibri-project-io/colibri-sdk-go-examples/school-module/src/application/controllers/student_controller.go:157.71,160.3 2 1
github.com/colibri-project-io/colibri-sdk-go-examples/school-module/src/application/controllers/student_controller.go:162.2,162.41 1 1
github.com/colibri-project-io/colibri-sdk-go-examples/school-module/src/application/controllers/student_controller.go:174.63,176.16 2 3
github.com/colibri-project-io/colibri-sdk-go-examples/school-module/src/application/controllers/student_controller.go:176.16,179.3 2 1
github.com/colibri-project-io/colibri-sdk-go-examples/school-module/src/application/controllers/student_controller.go:181.2,181.64 1 2
github.com/colibri-project-io/colibri-sdk-go-examples/school-module/src/application/controllers/student_controller.go:181.64,184.3 2 1
github.com/colibri-project-io/colibri-sdk-go-examples/school-module/src/application/controllers/student_controller.go:186.2,186.41 1 1
github.com/colibri-project-io/colibri-sdk-go-examples/school-module/src/application/controllers/student_controller.go:199.69,201.16 2 2
github.com/colibri-project-io/colibri-sdk-go-examples/school-module/src/application/controllers/student_controller.go:201.16,204.3 2 1
github.com/colibri-project-io/colibri-sdk-go-examples/school-module/src/application/controllers/student_controller.go:206.2,207.16 2 1
github.com/colibri-project-io/colibri-sdk-go-examples/school-module/src/application/controllers/student_controller.go:207.16,210.3 2 1
github.com/colibri-project-io/colibri-sdk-go-examples/school-module/src/application/controllers/student_controller.go:212.2,213.16 2 0
github.com/colibri-project-io/colibri-sdk-go-examples/school-module/src/application/controllers/student_controller.go:213.16,216.3 2 0
github.com/colibri-project-io/colibri-sdk-go-examples/school-module/src/application/controllers/student_controller.go:218.2,218.38 1 0
github.com/colibri-project-io/colibri-sdk-go-examples/school-module/src/domain/models/enrollment.go:43.66,48.2 1 0
github.com/colibri-project-io/colibri-sdk-go-examples/school-module/src/domain/models/enrollment.go:50.70,52.2 1 0
github.com/colibri-project-io/colibri-sdk-go-examples/school-module/src/domain/usecases/course_usecases.go:26.42,31.2 1 1
github.com/colibri-project-io/colibri-sdk-go-examples/school-module/src/domain/usecases/course_usecases.go:33.79,35.2 1 0
github.com/colibri-project-io/colibri-sdk-go-examples/school-module/src/domain/usecases/course_usecases.go:37.93,39.2 1 0
github.com/colibri-project-io/colibri-sdk-go-examples/school-module/src/domain/usecases/course_usecases.go:41.115,43.2 1 0
github.com/colibri-project-io/colibri-sdk-go-examples/school-module/src/domain/usecases/course_usecases.go:45.111,47.2 1 0
github.com/colibri-project-io/colibri-sdk-go-examples/school-module/src/domain/usecases/course_usecases.go:49.74,50.53 1 0
github.com/colibri-project-io/colibri-sdk-go-examples/school-module/src/domain/usecases/course_usecases.go:50.53,52.3 1 0
github.com/colibri-project-io/colibri-sdk-go-examples/school-module/src/domain/usecases/course_usecases.go:54.2,56.12 2 0
github.com/colibri-project-io/colibri-sdk-go-examples/school-module/src/domain/usecases/enrollment_usecases.go:25.50,30.2 1 1
github.com/colibri-project-io/colibri-sdk-go-examples/school-module/src/domain/usecases/enrollment_usecases.go:32.130,34.2 1 0
github.com/colibri-project-io/colibri-sdk-go-examples/school-module/src/domain/usecases/enrollment_usecases.go:36.99,37.56 1 0
github.com/colibri-project-io/colibri-sdk-go-examples/school-module/src/domain/usecases/enrollment_usecases.go:37.56,39.3 1 0
github.com/colibri-project-io/colibri-sdk-go-examples/school-module/src/domain/usecases/enrollment_usecases.go:41.2,44.12 3 0
github.com/colibri-project-io/colibri-sdk-go-examples/school-module/src/domain/usecases/enrollment_usecases.go:47.106,48.84 1 0
github.com/colibri-project-io/colibri-sdk-go-examples/school-module/src/domain/usecases/enrollment_usecases.go:48.84,50.3 1 0
github.com/colibri-project-io/colibri-sdk-go-examples/school-module/src/domain/usecases/enrollment_usecases.go:52.2,57.12 2 0
github.com/colibri-project-io/colibri-sdk-go-examples/school-module/src/domain/usecases/enrollment_usecases.go:60.133,62.2 1 0
github.com/colibri-project-io/colibri-sdk-go-examples/school-module/src/domain/usecases/student_usecases.go:28.44,33.2 1 1
github.com/colibri-project-io/colibri-sdk-go-examples/school-module/src/domain/usecases/student_usecases.go:35.111,37.2 1 0
github.com/colibri-project-io/colibri-sdk-go-examples/school-module/src/domain/usecases/student_usecases.go:39.95,41.2 1 0
github.com/colibri-project-io/colibri-sdk-go-examples/school-module/src/domain/usecases/student_usecases.go:43.99,45.2 1 0
github.com/colibri-project-io/colibri-sdk-go-examples/school-module/src/domain/usecases/student_usecases.go:47.113,49.2 1 0
github.com/colibri-project-io/colibri-sdk-go-examples/school-module/src/domain/usecases/student_usecases.go:51.75,52.53 1 0
github.com/colibri-project-io/colibri-sdk-go-examples/school-module/src/domain/usecases/student_usecases.go:52.53,54.3 1 0
github.com/colibri-project-io/colibri-sdk-go-examples/school-module/src/domain/usecases/student_usecases.go:56.2,58.12 2 0
github.com/colibri-project-io/colibri-sdk-go-examples/school-module/src/domain/usecases/student_usecases.go:61.115,63.2 1 0
github.com/colibri-project-io/colibri-sdk-go-examples/school-module/src/domain/usecases/mock/course_usecases_mock.go:28.75,32.2 3 5
github.com/colibri-project-io/colibri-sdk-go-examples/school-module/src/domain/usecases/mock/course_usecases_mock.go:35.73,37.2 1 10
github.com/colibri-project-io/colibri-sdk-go-examples/school-module/src/domain/usecases/mock/course_usecases_mock.go:40.120,46.2 5 2
github.com/colibri-project-io/colibri-sdk-go-examples/school-module/src/domain/usecases/mock/course_usecases_mock.go:49.88,52.2 2 2
github.com/colibri-project-io/colibri-sdk-go-examples/school-module/src/domain/usecases/mock/course_usecases_mock.go:55.79,60.2 4 2
github.com/colibri-project-io/colibri-sdk-go-examples/school-module/src/domain/usecases/mock/course_usecases_mock.go:63.85,66.2 2 2
github.com/colibri-project-io/colibri-sdk-go-examples/school-module/src/domain/usecases/mock/course_usecases_mock.go:69.84,75.2 5 2
github.com/colibri-project-io/colibri-sdk-go-examples/school-module/src/domain/usecases/mock/course_usecases_mock.go:78.81,81.2 2 2
github.com/colibri-project-io/colibri-sdk-go-examples/school-module/src/domain/usecases/mock/course_usecases_mock.go:84.98,90.2 5 2
github.com/colibri-project-io/colibri-sdk-go-examples/school-module/src/domain/usecases/mock/course_usecases_mock.go:93.86,96.2 2 2
github.com/colibri-project-io/colibri-sdk-go-examples/school-module/src/domain/usecases/mock/course_usecases_mock.go:99.116,104.2 4 2
github.com/colibri-project-io/colibri-sdk-go-examples/school-module/src/domain/usecases/mock/course_usecases_mock.go:107.92,110.2 2 2
github.com/colibri-project-io/colibri-sdk-go-examples/school-module/src/domain/usecases/mock/enrollment_usecases_mock.go:28.83,32.2 3 3
github.com/colibri-project-io/colibri-sdk-go-examples/school-module/src/domain/usecases/mock/enrollment_usecases_mock.go:35.81,37.2 1 6
github.com/colibri-project-io/colibri-sdk-go-examples/school-module/src/domain/usecases/mock/enrollment_usecases_mock.go:40.104,45.2 4 2
github.com/colibri-project-io/colibri-sdk-go-examples/school-module/src/domain/usecases/mock/enrollment_usecases_mock.go:48.92,51.2 2 2
github.com/colibri-project-io/colibri-sdk-go-examples/school-module/src/domain/usecases/mock/enrollment_usecases_mock.go:54.111,59.2 4 2
github.com/colibri-project-io/colibri-sdk-go-examples/school-module/src/domain/usecases/mock/enrollment_usecases_mock.go:62.93,65.2 2 2
github.com/colibri-project-io/colibri-sdk-go-examples/school-module/src/domain/usecases/mock/enrollment_usecases_mock.go:68.135,74.2 5 2
github.com/colibri-project-io/colibri-sdk-go-examples/school-module/src/domain/usecases/mock/enrollment_usecases_mock.go:77.94,80.2 2 2
github.com/colibri-project-io/colibri-sdk-go-examples/school-module/src/domain/usecases/mock/enrollment_usecases_mock.go:83.138,88.2 4 0
github.com/colibri-project-io/colibri-sdk-go-examples/school-module/src/domain/usecases/mock/enrollment_usecases_mock.go:91.120,94.2 2 0
github.com/colibri-project-io/colibri-sdk-go-examples/school-module/src/domain/usecases/mock/student_usecases_mock.go:29.77,33.2 3 6
github.com/colibri-project-io/colibri-sdk-go-examples/school-module/src/domain/usecases/mock/student_usecases_mock.go:36.75,38.2 1 10
github.com/colibri-project-io/colibri-sdk-go-examples/school-module/src/domain/usecases/mock/student_usecases_mock.go:41.104,46.2 4 2
github.com/colibri-project-io/colibri-sdk-go-examples/school-module/src/domain/usecases/mock/student_usecases_mock.go:49.89,52.2 2 2
github.com/colibri-project-io/colibri-sdk-go-examples/school-module/src/domain/usecases/mock/student_usecases_mock.go:55.80,60.2 4 2
github.com/colibri-project-io/colibri-sdk-go-examples/school-module/src/domain/usecases/mock/student_usecases_mock.go:63.86,66.2 2 2
github.com/colibri-project-io/colibri-sdk-go-examples/school-module/src/domain/usecases/mock/student_usecases_mock.go:69.116,75.2 5 2
github.com/colibri-project-io/colibri-sdk-go-examples/school-module/src/domain/usecases/mock/student_usecases_mock.go:78.90,81.2 2 2
github.com/colibri-project-io/colibri-sdk-go-examples/school-module/src/domain/usecases/mock/student_usecases_mock.go:84.100,90.2 5 2
github.com/colibri-project-io/colibri-sdk-go-examples/school-module/src/domain/usecases/mock/student_usecases_mock.go:93.87,96.2 2 2
github.com/colibri-project-io/colibri-sdk-go-examples/school-module/src/domain/usecases/mock/student_usecases_mock.go:99.118,104.2 4 2
github.com/colibri-project-io/colibri-sdk-go-examples/school-module/src/domain/usecases/mock/student_usecases_mock.go:107.93,110.2 2 2
github.com/colibri-project-io/colibri-sdk-go-examples/school-module/src/domain/usecases/mock/student_usecases_mock.go:113.120,119.2 5 0
github.com/colibri-project-io/colibri-sdk-go-examples/school-module/src/domain/usecases/mock/student_usecases_mock.go:122.100,125.2 2 0
github.com/colibri-project-io/colibri-sdk-go-examples/school-module/src/infra/producers/course_producer.go:24.42,26.2 1 1
github.com/colibri-project-io/colibri-sdk-go-examples/school-module/src/infra/producers/course_producer.go:28.76,30.2 1 0
github.com/colibri-project-io/colibri-sdk-go-examples/school-module/src/infra/producers/enrollment_producer.go:26.50,28.2 1 1
github.com/colibri-project-io/colibri-sdk-go-examples/school-module/src/infra/producers/enrollment_producer.go:30.84,32.2 1 0
github.com/colibri-project-io/colibri-sdk-go-examples/school-module/src/infra/producers/enrollment_producer.go:34.84,36.2 1 0
github.com/colibri-project-io/colibri-sdk-go-examples/school-module/src/infra/producers/student_producer.go:24.44,26.2 1 1
github.com/colibri-project-io/colibri-sdk-go-examples/school-module/src/infra/producers/student_producer.go:28.78,30.2 1 0
github.com/colibri-project-io/colibri-sdk-go-examples/school-module/src/infra/repositories/course_repository.go:24.50,26.2 1 1
github.com/colibri-project-io/colibri-sdk-go-examples/school-module/src/infra/repositories/course_repository.go:30.84,33.2 2 0
github.com/colibri-project-io/colibri-sdk-go-examples/school-module/src/infra/repositories/course_repository.go:35.98,38.2 2 0
github.com/colibri-project-io/colibri-sdk-go-examples/school-module/src/infra/repositories/course_repository.go:40.119,44.2 3 0
github.com/colibri-project-io/colibri-sdk-go-examples/school-module/src/infra/repositories/course_repository.go:46.115,49.2 2 0
github.com/colibri-project-io/colibri-sdk-go-examples/school-module/src/infra/repositories/course_repository.go:51.78,54.2 2 0
github.com/colibri-project-io/colibri-sdk-go-examples/school-module/src/infra/repositories/enrollment_repository.go:25.58,27.2 1 1
github.com/colibri-project-io/colibri-sdk-go-examples/school-module/src/infra/repositories/enrollment_repository.go:29.155,30.31 1 0
github.com/colibri-project-io/colibri-sdk-go-examples/school-module/src/infra/repositories/enrollment_repository.go:30.31,32.3 1 0
github.com/colibri-project-io/colibri-sdk-go-examples/school-module/src/infra/repositories/enrollment_repository.go:34.2,34.30 1 0
github.com/colibri-project-io/colibri-sdk-go-examples/school-module/src/infra/repositories/enrollment_repository.go:34.30,36.3 1 0
github.com/colibri-project-io/colibri-sdk-go-examples/school-module/src/infra/repositories/enrollment_repository.go:38.2,49.115 2 0
github.com/colibri-project-io/colibri-sdk-go-examples/school-module/src/infra/repositories/enrollment_repository.go:52.141,64.2 2 0
github.com/colibri-project-io/colibri-sdk-go-examples/school-module/src/infra/repositories/enrollment_repository.go:66.103,70.2 2 0
github.com/colibri-project-io/colibri-sdk-go-examples/school-module/src/infra/repositories/enrollment_repository.go:72.99,76.2 2 0
github.com/colibri-project-io/colibri-sdk-go-examples/school-module/src/infra/repositories/enrollment_repository.go:78.137,82.2 2 0
github.com/colibri-project-io/colibri-sdk-go-examples/school-module/src/infra/repositories/student_repository.go:27.52,29.2 1 1
github.com/colibri-project-io/colibri-sdk-go-examples/school-module/src/infra/repositories/student_repository.go:31.116,32.23 1 0
github.com/colibri-project-io/colibri-sdk-go-examples/school-module/src/infra/repositories/student_repository.go:32.23,34.3 1 0
github.com/colibri-project-io/colibri-sdk-go-examples/school-module/src/infra/repositories/student_repository.go:36.2,38.71 2 0
github.com/colibri-project-io/colibri-sdk-go-examples/school-module/src/infra/repositories/student_repository.go:41.100,43.2 1 0
github.com/colibri-project-io/colibri-sdk-go-examples/school-module/src/infra/repositories/student_repository.go:45.103,49.2 2 0
github.com/colibri-project-io/colibri-sdk-go-examples/school-module/src/infra/repositories/student_repository.go:51.117,53.2 1 0
github.com/colibri-project-io/colibri-sdk-go-examples/school-module/src/infra/repositories/student_repository.go:55.79,57.2 1 0
github.com/colibri-project-io/colibri-sdk-go-examples/school-module/src/infra/repositories/student_repository.go:59.119,61.2 1 0
github.com/colibri-project-io/colibri-sdk-go-examples/school-module/src/domain/models/enrollment.go:43.66,48.2 1 1
github.com/colibri-project-io/colibri-sdk-go-examples/school-module/src/domain/models/enrollment.go:50.70,52.2 1 1
github.com/colibri-project-io/colibri-sdk-go-examples/school-module/src/domain/models/enrollment.go:43.66,48.2 1 2
github.com/colibri-project-io/colibri-sdk-go-examples/school-module/src/domain/models/enrollment.go:50.70,52.2 1 2
github.com/colibri-project-io/colibri-sdk-go-examples/school-module/src/domain/usecases/course_usecases.go:26.42,31.2 1 1
github.com/colibri-project-io/colibri-sdk-go-examples/school-module/src/domain/usecases/course_usecases.go:33.79,35.2 1 2
github.com/colibri-project-io/colibri-sdk-go-examples/school-module/src/domain/usecases/course_usecases.go:37.93,39.2 1 2
github.com/colibri-project-io/colibri-sdk-go-examples/school-module/src/domain/usecases/course_usecases.go:41.115,43.2 1 2
github.com/colibri-project-io/colibri-sdk-go-examples/school-module/src/domain/usecases/course_usecases.go:45.111,47.2 1 2
github.com/colibri-project-io/colibri-sdk-go-examples/school-module/src/domain/usecases/course_usecases.go:49.74,50.53 1 2
github.com/colibri-project-io/colibri-sdk-go-examples/school-module/src/domain/usecases/course_usecases.go:50.53,52.3 1 1
github.com/colibri-project-io/colibri-sdk-go-examples/school-module/src/domain/usecases/course_usecases.go:54.2,56.12 2 1
github.com/colibri-project-io/colibri-sdk-go-examples/school-module/src/domain/usecases/enrollment_usecases.go:25.50,30.2 1 1
github.com/colibri-project-io/colibri-sdk-go-examples/school-module/src/domain/usecases/enrollment_usecases.go:32.130,34.2 1 2
github.com/colibri-project-io/colibri-sdk-go-examples/school-module/src/domain/usecases/enrollment_usecases.go:36.99,37.56 1 2
github.com/colibri-project-io/colibri-sdk-go-examples/school-module/src/domain/usecases/enrollment_usecases.go:37.56,39.3 1 1
github.com/colibri-project-io/colibri-sdk-go-examples/school-module/src/domain/usecases/enrollment_usecases.go:41.2,44.12 3 1
github.com/colibri-project-io/colibri-sdk-go-examples/school-module/src/domain/usecases/enrollment_usecases.go:47.106,48.84 1 2
github.com/colibri-project-io/colibri-sdk-go-examples/school-module/src/domain/usecases/enrollment_usecases.go:48.84,50.3 1 1
github.com/colibri-project-io/colibri-sdk-go-examples/school-module/src/domain/usecases/enrollment_usecases.go:52.2,57.12 2 1
github.com/colibri-project-io/colibri-sdk-go-examples/school-module/src/domain/usecases/enrollment_usecases.go:60.133,62.2 1 2
github.com/colibri-project-io/colibri-sdk-go-examples/school-module/src/domain/usecases/student_usecases.go:28.44,33.2 1 1
github.com/colibri-project-io/colibri-sdk-go-examples/school-module/src/domain/usecases/student_usecases.go:35.111,37.2 1 2
github.com/colibri-project-io/colibri-sdk-go-examples/school-module/src/domain/usecases/student_usecases.go:39.95,41.2 1 2
github.com/colibri-project-io/colibri-sdk-go-examples/school-module/src/domain/usecases/student_usecases.go:43.99,45.2 1 2
github.com/colibri-project-io/colibri-sdk-go-examples/school-module/src/domain/usecases/student_usecases.go:47.113,49.2 1 2
github.com/colibri-project-io/colibri-sdk-go-examples/school-module/src/domain/usecases/student_usecases.go:51.75,52.53 1 2
github.com/colibri-project-io/colibri-sdk-go-examples/school-module/src/domain/usecases/student_usecases.go:52.53,54.3 1 1
github.com/colibri-project-io/colibri-sdk-go-examples/school-module/src/domain/usecases/student_usecases.go:56.2,58.12 2 1
github.com/colibri-project-io/colibri-sdk-go-examples/school-module/src/domain/usecases/student_usecases.go:61.115,63.2 1 2
github.com/colibri-project-io/colibri-sdk-go-examples/school-module/src/infra/producers/course_producer.go:24.42,26.2 1 1
github.com/colibri-project-io/colibri-sdk-go-examples/school-module/src/infra/producers/course_producer.go:28.76,30.2 1 0
github.com/colibri-project-io/colibri-sdk-go-examples/school-module/src/infra/producers/enrollment_producer.go:26.50,28.2 1 1
github.com/colibri-project-io/colibri-sdk-go-examples/school-module/src/infra/producers/enrollment_producer.go:30.84,32.2 1 0
github.com/colibri-project-io/colibri-sdk-go-examples/school-module/src/infra/producers/enrollment_producer.go:34.84,36.2 1 0
github.com/colibri-project-io/colibri-sdk-go-examples/school-module/src/infra/producers/student_producer.go:24.44,26.2 1 1
github.com/colibri-project-io/colibri-sdk-go-examples/school-module/src/infra/producers/student_producer.go:28.78,30.2 1 0
github.com/colibri-project-io/colibri-sdk-go-examples/school-module/src/infra/producers/mock/course_producer_mock.go:27.75,31.2 3 1
github.com/colibri-project-io/colibri-sdk-go-examples/school-module/src/infra/producers/mock/course_producer_mock.go:34.73,36.2 1 1
github.com/colibri-project-io/colibri-sdk-go-examples/school-module/src/infra/producers/mock/course_producer_mock.go:39.81,42.2 2 1
github.com/colibri-project-io/colibri-sdk-go-examples/school-module/src/infra/producers/mock/course_producer_mock.go:45.88,48.2 2 1
github.com/colibri-project-io/colibri-sdk-go-examples/school-module/src/infra/producers/mock/enrollment_producer_mock.go:27.83,31.2 3 2
github.com/colibri-project-io/colibri-sdk-go-examples/school-module/src/infra/producers/mock/enrollment_producer_mock.go:34.81,36.2 1 2
github.com/colibri-project-io/colibri-sdk-go-examples/school-module/src/infra/producers/mock/enrollment_producer_mock.go:39.89,42.2 2 1
github.com/colibri-project-io/colibri-sdk-go-examples/school-module/src/infra/producers/mock/enrollment_producer_mock.go:45.92,48.2 2 1
github.com/colibri-project-io/colibri-sdk-go-examples/school-module/src/infra/producers/mock/enrollment_producer_mock.go:51.89,54.2 2 1
github.com/colibri-project-io/colibri-sdk-go-examples/school-module/src/infra/producers/mock/enrollment_producer_mock.go:57.92,60.2 2 1
github.com/colibri-project-io/colibri-sdk-go-examples/school-module/src/infra/producers/mock/student_producer_mock.go:27.77,31.2 3 1
github.com/colibri-project-io/colibri-sdk-go-examples/school-module/src/infra/producers/mock/student_producer_mock.go:34.75,36.2 1 1
github.com/colibri-project-io/colibri-sdk-go-examples/school-module/src/infra/producers/mock/student_producer_mock.go:39.83,42.2 2 1
github.com/colibri-project-io/colibri-sdk-go-examples/school-module/src/infra/producers/mock/student_producer_mock.go:45.89,48.2 2 1
github.com/colibri-project-io/colibri-sdk-go-examples/school-module/src/infra/repositories/course_repository.go:24.50,26.2 1 1
github.com/colibri-project-io/colibri-sdk-go-examples/school-module/src/infra/repositories/course_repository.go:30.84,33.2 2 0
github.com/colibri-project-io/colibri-sdk-go-examples/school-module/src/infra/repositories/course_repository.go:35.98,38.2 2 0
github.com/colibri-project-io/colibri-sdk-go-examples/school-module/src/infra/repositories/course_repository.go:40.119,44.2 3 0
github.com/colibri-project-io/colibri-sdk-go-examples/school-module/src/infra/repositories/course_repository.go:46.115,49.2 2 0
github.com/colibri-project-io/colibri-sdk-go-examples/school-module/src/infra/repositories/course_repository.go:51.78,54.2 2 0
github.com/colibri-project-io/colibri-sdk-go-examples/school-module/src/infra/repositories/enrollment_repository.go:25.58,27.2 1 1
github.com/colibri-project-io/colibri-sdk-go-examples/school-module/src/infra/repositories/enrollment_repository.go:29.155,30.31 1 0
github.com/colibri-project-io/colibri-sdk-go-examples/school-module/src/infra/repositories/enrollment_repository.go:30.31,32.3 1 0
github.com/colibri-project-io/colibri-sdk-go-examples/school-module/src/infra/repositories/enrollment_repository.go:34.2,34.30 1 0
github.com/colibri-project-io/colibri-sdk-go-examples/school-module/src/infra/repositories/enrollment_repository.go:34.30,36.3 1 0
github.com/colibri-project-io/colibri-sdk-go-examples/school-module/src/infra/repositories/enrollment_repository.go:38.2,49.115 2 0
github.com/colibri-project-io/colibri-sdk-go-examples/school-module/src/infra/repositories/enrollment_repository.go:52.141,64.2 2 0
github.com/colibri-project-io/colibri-sdk-go-examples/school-module/src/infra/repositories/enrollment_repository.go:66.103,70.2 2 0
github.com/colibri-project-io/colibri-sdk-go-examples/school-module/src/infra/repositories/enrollment_repository.go:72.99,76.2 2 0
github.com/colibri-project-io/colibri-sdk-go-examples/school-module/src/infra/repositories/enrollment_repository.go:78.137,82.2 2 0
github.com/colibri-project-io/colibri-sdk-go-examples/school-module/src/infra/repositories/student_repository.go:27.52,29.2 1 1
github.com/colibri-project-io/colibri-sdk-go-examples/school-module/src/infra/repositories/student_repository.go:31.116,32.23 1 0
github.com/colibri-project-io/colibri-sdk-go-examples/school-module/src/infra/repositories/student_repository.go:32.23,34.3 1 0
github.com/colibri-project-io/colibri-sdk-go-examples/school-module/src/infra/repositories/student_repository.go:36.2,38.71 2 0
github.com/colibri-project-io/colibri-sdk-go-examples/school-module/src/infra/repositories/student_repository.go:41.100,43.2 1 0
github.com/colibri-project-io/colibri-sdk-go-examples/school-module/src/infra/repositories/student_repository.go:45.103,49.2 2 0
github.com/colibri-project-io/colibri-sdk-go-examples/school-module/src/infra/repositories/student_repository.go:51.117,53.2 1 0
github.com/colibri-project-io/colibri-sdk-go-examples/school-module/src/infra/repositories/student_repository.go:55.79,57.2 1 0
github.com/colibri-project-io/colibri-sdk-go-examples/school-module/src/infra/repositories/student_repository.go:59.119,61.2 1 0
github.com/colibri-project-io/colibri-sdk-go-examples/school-module/src/infra/repositories/mock/course_repository_mock.go:28.77,32.2 3 5
github.com/colibri-project-io/colibri-sdk-go-examples/school-module/src/infra/repositories/mock/course_repository_mock.go:35.75,37.2 1 10
github.com/colibri-project-io/colibri-sdk-go-examples/school-module/src/infra/repositories/mock/course_repository_mock.go:40.80,45.2 4 2
github.com/colibri-project-io/colibri-sdk-go-examples/school-module/src/infra/repositories/mock/course_repository_mock.go:48.86,51.2 2 2
github.com/colibri-project-io/colibri-sdk-go-examples/school-module/src/infra/repositories/mock/course_repository_mock.go:54.86,60.2 5 2
github.com/colibri-project-io/colibri-sdk-go-examples/school-module/src/infra/repositories/mock/course_repository_mock.go:63.83,66.2 2 2
github.com/colibri-project-io/colibri-sdk-go-examples/school-module/src/infra/repositories/mock/course_repository_mock.go:69.100,75.2 5 2
github.com/colibri-project-io/colibri-sdk-go-examples/school-module/src/infra/repositories/mock/course_repository_mock.go:78.88,81.2 2 2
github.com/colibri-project-io/colibri-sdk-go-examples/school-module/src/infra/repositories/mock/course_repository_mock.go:84.121,90.2 5 2
github.com/colibri-project-io/colibri-sdk-go-examples/school-module/src/infra/repositories/mock/course_repository_mock.go:93.89,96.2 2 2
github.com/colibri-project-io/colibri-sdk-go-examples/school-module/src/infra/repositories/mock/course_repository_mock.go:99.117,104.2 4 2
github.com/colibri-project-io/colibri-sdk-go-examples/school-module/src/infra/repositories/mock/course_repository_mock.go:107.93,110.2 2 2
github.com/colibri-project-io/colibri-sdk-go-examples/school-module/src/infra/repositories/mock/enrollment_repository_mock.go:29.85,33.2 3 4
github.com/colibri-project-io/colibri-sdk-go-examples/school-module/src/infra/repositories/mock/enrollment_repository_mock.go:36.83,38.2 1 9
github.com/colibri-project-io/colibri-sdk-go-examples/school-module/src/infra/repositories/mock/enrollment_repository_mock.go:41.101,46.2 4 2
github.com/colibri-project-io/colibri-sdk-go-examples/school-module/src/infra/repositories/mock/enrollment_repository_mock.go:49.107,52.2 2 2
github.com/colibri-project-io/colibri-sdk-go-examples/school-module/src/infra/repositories/mock/enrollment_repository_mock.go:55.143,61.2 5 1
github.com/colibri-project-io/colibri-sdk-go-examples/school-module/src/infra/repositories/mock/enrollment_repository_mock.go:64.127,67.2 2 1
github.com/colibri-project-io/colibri-sdk-go-examples/school-module/src/infra/repositories/mock/enrollment_repository_mock.go:70.157,76.2 5 2
github.com/colibri-project-io/colibri-sdk-go-examples/school-module/src/infra/repositories/mock/enrollment_repository_mock.go:79.103,82.2 2 2
github.com/colibri-project-io/colibri-sdk-go-examples/school-module/src/infra/repositories/mock/enrollment_repository_mock.go:85.105,90.2 4 2
github.com/colibri-project-io/colibri-sdk-go-examples/school-module/src/infra/repositories/mock/enrollment_repository_mock.go:93.93,96.2 2 2
github.com/colibri-project-io/colibri-sdk-go-examples/school-module/src/infra/repositories/mock/enrollment_repository_mock.go:99.139,104.2 4 2
github.com/colibri-project-io/colibri-sdk-go-examples/school-module/src/infra/repositories/mock/enrollment_repository_mock.go:107.121,110.2 2 2
github.com/colibri-project-io/colibri-sdk-go-examples/school-module/src/infra/repositories/mock/student_repository_mock.go:29.79,33.2 3 6
github.com/colibri-project-io/colibri-sdk-go-examples/school-module/src/infra/repositories/mock/student_repository_mock.go:36.77,38.2 1 12
github.com/colibri-project-io/colibri-sdk-go-examples/school-module/src/infra/repositories/mock/student_repository_mock.go:41.81,46.2 4 2
github.com/colibri-project-io/colibri-sdk-go-examples/school-module/src/infra/repositories/mock/student_repository_mock.go:49.87,52.2 2 2
github.com/colibri-project-io/colibri-sdk-go-examples/school-module/src/infra/repositories/mock/student_repository_mock.go:55.118,61.2 5 2
github.com/colibri-project-io/colibri-sdk-go-examples/school-module/src/infra/repositories/mock/student_repository_mock.go:64.92,67.2 2 2
github.com/colibri-project-io/colibri-sdk-go-examples/school-module/src/infra/repositories/mock/student_repository_mock.go:70.102,76.2 5 2
github.com/colibri-project-io/colibri-sdk-go-examples/school-module/src/infra/repositories/mock/student_repository_mock.go:79.89,82.2 2 2
github.com/colibri-project-io/colibri-sdk-go-examples/school-module/src/infra/repositories/mock/student_repository_mock.go:85.105,90.2 4 2
github.com/colibri-project-io/colibri-sdk-go-examples/school-module/src/infra/repositories/mock/student_repository_mock.go:93.90,96.2 2 2
github.com/colibri-project-io/colibri-sdk-go-examples/school-module/src/infra/repositories/mock/student_repository_mock.go:99.119,104.2 4 2
github.com/colibri-project-io/colibri-sdk-go-examples/school-module/src/infra/repositories/mock/student_repository_mock.go:107.94,110.2 2 2
github.com/colibri-project-io/colibri-sdk-go-examples/school-module/src/infra/repositories/mock/student_repository_mock.go:113.121,119.2 5 2
github.com/colibri-project-io/colibri-sdk-go-examples/school-module/src/infra/repositories/mock/student_repository_mock.go:122.101,125.2 2 2
github.com/colibri-project-io/colibri-sdk-go-examples/school-module/src/domain/models/enrollment.go:43.66,48.2 1 0
github.com/colibri-project-io/colibri-sdk-go-examples/school-module/src/domain/models/enrollment.go:50.70,52.2 1 0
github.com/colibri-project-io/colibri-sdk-go-examples/school-module/src/infra/repositories/course_repository.go:24.50,26.2 1 1
github.com/colibri-project-io/colibri-sdk-go-examples/school-module/src/infra/repositories/course_repository.go:30.84,33.2 2 1
github.com/colibri-project-io/colibri-sdk-go-examples/school-module/src/infra/repositories/course_repository.go:35.98,38.2 2 4
github.com/colibri-project-io/colibri-sdk-go-examples/school-module/src/infra/repositories/course_repository.go:40.119,44.2 3 2
github.com/colibri-project-io/colibri-sdk-go-examples/school-module/src/infra/repositories/course_repository.go:46.115,49.2 2 2
github.com/colibri-project-io/colibri-sdk-go-examples/school-module/src/infra/repositories/course_repository.go:51.78,54.2 2 1
github.com/colibri-project-io/colibri-sdk-go-examples/school-module/src/infra/repositories/enrollment_repository.go:25.58,27.2 1 1
github.com/colibri-project-io/colibri-sdk-go-examples/school-module/src/infra/repositories/enrollment_repository.go:29.155,30.31 1 3
github.com/colibri-project-io/colibri-sdk-go-examples/school-module/src/infra/repositories/enrollment_repository.go:30.31,32.3 1 1
github.com/colibri-project-io/colibri-sdk-go-examples/school-module/src/infra/repositories/enrollment_repository.go:34.2,34.30 1 3
github.com/colibri-project-io/colibri-sdk-go-examples/school-module/src/infra/repositories/enrollment_repository.go:34.30,36.3 1 1
github.com/colibri-project-io/colibri-sdk-go-examples/school-module/src/infra/repositories/enrollment_repository.go:38.2,49.115 2 3
github.com/colibri-project-io/colibri-sdk-go-examples/school-module/src/infra/repositories/enrollment_repository.go:52.141,64.2 2 6
github.com/colibri-project-io/colibri-sdk-go-examples/school-module/src/infra/repositories/enrollment_repository.go:66.103,70.2 2 2
github.com/colibri-project-io/colibri-sdk-go-examples/school-module/src/infra/repositories/enrollment_repository.go:72.99,76.2 2 1
github.com/colibri-project-io/colibri-sdk-go-examples/school-module/src/infra/repositories/enrollment_repository.go:78.137,82.2 2 1
github.com/colibri-project-io/colibri-sdk-go-examples/school-module/src/infra/repositories/student_repository.go:27.52,29.2 1 1
github.com/colibri-project-io/colibri-sdk-go-examples/school-module/src/infra/repositories/student_repository.go:31.116,32.23 1 3
github.com/colibri-project-io/colibri-sdk-go-examples/school-module/src/infra/repositories/student_repository.go:32.23,34.3 1 2
github.com/colibri-project-io/colibri-sdk-go-examples/school-module/src/infra/repositories/student_repository.go:36.2,38.71 2 3
github.com/colibri-project-io/colibri-sdk-go-examples/school-module/src/infra/repositories/student_repository.go:41.100,43.2 1 4
github.com/colibri-project-io/colibri-sdk-go-examples/school-module/src/infra/repositories/student_repository.go:45.103,49.2 2 2
github.com/colibri-project-io/colibri-sdk-go-examples/school-module/src/infra/repositories/student_repository.go:51.117,53.2 1 2
github.com/colibri-project-io/colibri-sdk-go-examples/school-module/src/infra/repositories/student_repository.go:55.79,57.2 1 1
github.com/colibri-project-io/colibri-sdk-go-examples/school-module/src/infra/repositories/student_repository.go:59.119,61.2 1 0
